<?xml version="1.0" encoding="UTF-8"?>
<!-- Generated by org.testng.reporters.JUnitReportReporter -->
<testsuite hostname="Lenovo-PC" name="googleAPIs.textSearchTest" tests="1" failures="0" timestamp="29 Nov 2017 21:18:18 GMT" time="0.854" errors="0">
  <testcase name="getData" time="0.854" classname="googleAPIs.textSearchTest"/>
</testsuite> <!-- googleAPIs.textSearchTest -->
