<?xml version="1.0" encoding="UTF-8"?>
<!-- Generated by org.testng.reporters.JUnitReportReporter -->
<testsuite hostname="UKLONDLP11" name="googleAPIs.textSearchTest" tests="1" failures="0" timestamp="26 Nov 2017 19:39:05 GMT" time="2.712" errors="0">
  <testcase name="getData" time="2.712" classname="googleAPIs.textSearchTest"/>
</testsuite> <!-- googleAPIs.textSearchTest -->
