<?xml version="1.0" encoding="UTF-8"?>
<!-- Generated by org.testng.reporters.JUnitReportReporter -->
<testsuite hostname="Lenovo-PC" name="googleAPIs.nearbySearchTest" tests="1" failures="0" timestamp="29 Nov 2017 19:26:17 GMT" time="3.381" errors="0">
  <testcase name="getData" time="3.381" classname="googleAPIs.nearbySearchTest"/>
</testsuite> <!-- googleAPIs.nearbySearchTest -->
