<?xml version="1.0" encoding="UTF-8"?>
<!-- Generated by org.testng.reporters.JUnitReportReporter -->
<testsuite hostname="UKLONDLP11" name="googleAPIs.nearbySearch" tests="1" failures="0" timestamp="24 Nov 2017 19:23:32 GMT" time="7.552" errors="0">
  <testcase name="getData" time="7.552" classname="googleAPIs.nearbySearch"/>
</testsuite> <!-- googleAPIs.nearbySearch -->
